<?xml version="1.0" encoding="UTF-8"?>
<!-- Generated by org.testng.reporters.JUnitReportReporter -->
<testsuite skipped="0" hostname="ip-172-31-32-197" name="com.ecommerce.webapp.test.AmazonHomePageTest" tests="2" failures="0" timestamp="2021-02-24T17:32:15 UTC" time="11.477" errors="0">
  <testcase name="verifyAmazoneHomePageTitle" time="5.101" classname="com.ecommerce.webapp.test.AmazonHomePageTest"/>
  <system-out/>
  <testcase name="verifyAmazoneHomePageSourceURL" time="6.376" classname="com.ecommerce.webapp.test.AmazonHomePageTest"/>
  <system-out/>
</testsuite> <!-- com.ecommerce.webapp.test.AmazonHomePageTest -->
